Do you want to continue or exit?
  [1] Continue
  [2] Exit
Enter the number(s): You get one free choice.
+---+---+---+
| 1 | 2 | 3 |
+---+---+---+
| 4 | 5 | 6 |
+---+---+---+
| 7 | 8 | 9 |
+---+---+---+
You can choose
  [number on cell] to open (- $0)
  [0] to continue the game
Enter the number(s): Fortune, fortune! You get $3000!
+---+---+---+
| 1 | 2 | 3 |
+---+---+---+
| 4 | 5 | 6 |
+---+---+---+
| 7 | 8 | x |
+---+---+---+
You can choose
  [number on cell] to open (- $500)
  [0] to continue the game
Enter the number(s): Do you want to continue or exit?
  [1] Continue
  [2] Exit
Enter the number(s): Speed booster: 0
Price booster: 0
Area booster: 0
Money: 3100
Free choice: 0
We will miss you. Bye!
