Do you want to continue or exit?
  [1] Continue
  [2] Exit
Enter the number(s): You get one free choice.
+---+---+---+
| 1 | 2 | 3 |
+---+---+---+
| 4 | 5 | 6 |
+---+---+---+
| 7 | 8 | 9 |
+---+---+---+
You can choose
  [number on cell] to open (- $0)
  [0] to continue the game
Enter the number(s): Invalid input!!!!
+---+---+---+
| 1 | 2 | 3 |
+---+---+---+
| 4 | 5 | 6 |
+---+---+---+
| 7 | 8 | 9 |
+---+---+---+
You can choose
  [number on cell] to open (- $0)
  [0] to continue the game
Enter the number(s): You get a booster!!
+---+---+---+
| 1 | 2 | 3 |
+---+---+---+
| 4 | 5 | 6 |
+---+---+---+
| 7 | x | 9 |
+---+---+---+
You can choose
  [number on cell] to open (- $500)
  [0] to continue the game
Enter the number(s): You have no money!
Do you want to continue or exit?
  [1] Continue
  [2] Exit
Enter the number(s): You get one free choice.
+---+---+---+
| 1 | 2 | 3 |
+---+---+---+
| 4 | 5 | 6 |
+---+---+---+
| 7 | x | 9 |
+---+---+---+
You can choose
  [number on cell] to open (- $0)
  [0] to continue the game
Enter the number(s): Do you want to continue or exit?
  [1] Continue
  [2] Exit
Enter the number(s): You get one free choice.
+---+---+---+
| 1 | 2 | 3 |
+---+---+---+
| 4 | 5 | 6 |
+---+---+---+
| 7 | x | 9 |
+---+---+---+
You can choose
  [number on cell] to open (- $0)
  [0] to continue the game
Enter the number(s): Invalid input!!!!
+---+---+---+
| 1 | 2 | 3 |
+---+---+---+
| 4 | 5 | 6 |
+---+---+---+
| 7 | x | 9 |
+---+---+---+
You can choose
  [number on cell] to open (- $0)
  [0] to continue the game
Enter the number(s): Another open on 6!
You get a booster!!
+---+---+---+
| 1 | 2 | 3 |
+---+---+---+
| 4 | x | x |
+---+---+---+
| 7 | x | 9 |
+---+---+---+
You can choose
  [number on cell] to open (- $0)
  [0] to continue the game
Enter the number(s): Do you want to continue or exit?
  [1] Continue
  [2] Exit
Enter the number(s): You get one free choice.
+---+---+---+
| 1 | 2 | 3 |
+---+---+---+
| 4 | x | x |
+---+---+---+
| 7 | x | 9 |
+---+---+---+
You can choose
  [number on cell] to open (- $0)
  [0] to continue the game
Enter the number(s): Bad Luck :(
+---+---+---+
| 1 | x | 3 |
+---+---+---+
| 4 | x | x |
+---+---+---+
| 7 | x | 9 |
+---+---+---+
You can choose
  [number on cell] to open (- $0)
  [0] to continue the game
Enter the number(s): Do you want to continue or exit?
  [1] Continue
  [2] Exit
Enter the number(s): You get one free choice.
+---+---+---+
| 1 | x | 3 |
+---+---+---+
| 4 | x | x |
+---+---+---+
| 7 | x | 9 |
+---+---+---+
You can choose
  [number on cell] to open (- $0)
  [0] to continue the game
Enter the number(s): Bad Luck :(
+---+---+---+
| 1 | x | x |
+---+---+---+
| 4 | x | x |
+---+---+---+
| 7 | x | 9 |
+---+---+---+
You can choose
  [number on cell] to open (- $0)
  [0] to continue the game
Enter the number(s): You get a booster!!
+---+---+---+
| 1 | x | x |
+---+---+---+
| 4 | x | x |
+---+---+---+
| x | x | 9 |
+---+---+---+
You can choose
  [number on cell] to open (- $500)
  [0] to continue the game
Enter the number(s): Invalid input!!!!
+---+---+---+
| 1 | x | x |
+---+---+---+
| 4 | x | x |
+---+---+---+
| x | x | 9 |
+---+---+---+
You can choose
  [number on cell] to open (- $500)
  [0] to continue the game
Enter the number(s): Do you want to continue or exit?
  [1] Continue
  [2] Exit
Enter the number(s): Invalid input!!!!
Do you want to continue or exit?
  [1] Continue
  [2] Exit
Enter the number(s): You get one free choice.
+---+---+---+
| 1 | x | x |
+---+---+---+
| 4 | x | x |
+---+---+---+
| x | x | 9 |
+---+---+---+
You can choose
  [number on cell] to open (- $0)
  [0] to continue the game
Enter the number(s): Bad Luck :(
+---+---+---+
| 1 | x | x |
+---+---+---+
| x | x | x |
+---+---+---+
| x | x | 9 |
+---+---+---+
You can choose
  [number on cell] to open (- $500)
  [0] to continue the game
Enter the number(s): You have no money!
Do you want to continue or exit?
  [1] Continue
  [2] Exit
Enter the number(s): Invalid input!!!!
Do you want to continue or exit?
  [1] Continue
  [2] Exit
Enter the number(s): Invalid input!!!!
Do you want to continue or exit?
  [1] Continue
  [2] Exit
Enter the number(s): You get one free choice.
+---+---+---+
| 1 | x | x |
+---+---+---+
| x | x | x |
+---+---+---+
| x | x | 9 |
+---+---+---+
You can choose
  [number on cell] to open (- $0)
  [0] to continue the game
Enter the number(s): You get an extra choice!
+---+---+---+
| x | x | x |
+---+---+---+
| x | x | x |
+---+---+---+
| x | x | 9 |
+---+---+---+
You can choose
  [number on cell] to open (- $0)
  [0] to continue the game
Enter the number(s): Fortune, fortune! You get $3000!
+----+----+----+----+----+
|  1 |  2 |  3 |  4 |  5 |
+----+----+----+----+----+
|  6 |  7 |  8 |  9 | 10 |
+----+----+----+----+----+
| 11 | 12 | 13 | 14 | 15 |
+----+----+----+----+----+
| 16 | 17 | 18 | 19 | 20 |
+----+----+----+----+----+
| 21 | 22 | 23 | 24 | 25 |
+----+----+----+----+----+
You can choose
  [number on cell] to open (- $500)
  [0] to continue the game
Enter the number(s): Invalid input!!!!
+----+----+----+----+----+
|  1 |  2 |  3 |  4 |  5 |
+----+----+----+----+----+
|  6 |  7 |  8 |  9 | 10 |
+----+----+----+----+----+
| 11 | 12 | 13 | 14 | 15 |
+----+----+----+----+----+
| 16 | 17 | 18 | 19 | 20 |
+----+----+----+----+----+
| 21 | 22 | 23 | 24 | 25 |
+----+----+----+----+----+
You can choose
  [number on cell] to open (- $500)
  [0] to continue the game
Enter the number(s): You get a booster!!
+----+----+----+----+----+
|  1 |  2 |  3 |  4 |  5 |
+----+----+----+----+----+
|  6 |  x |  8 |  9 | 10 |
+----+----+----+----+----+
| 11 | 12 | 13 | 14 | 15 |
+----+----+----+----+----+
| 16 | 17 | 18 | 19 | 20 |
+----+----+----+----+----+
| 21 | 22 | 23 | 24 | 25 |
+----+----+----+----+----+
You can choose
  [number on cell] to open (- $1000)
  [0] to continue the game
Enter the number(s): Another open on 8!
You get a booster!!
+----+----+----+----+----+
|  1 |  2 |  x |  4 |  5 |
+----+----+----+----+----+
|  6 |  x |  x |  9 | 10 |
+----+----+----+----+----+
| 11 | 12 | 13 | 14 | 15 |
+----+----+----+----+----+
| 16 | 17 | 18 | 19 | 20 |
+----+----+----+----+----+
| 21 | 22 | 23 | 24 | 25 |
+----+----+----+----+----+
You can choose
  [number on cell] to open (- $1500)
  [0] to continue the game
Enter the number(s): Do you want to continue or exit?
  [1] Continue
  [2] Exit
Enter the number(s): You get one free choice.
+----+----+----+----+----+
|  1 |  2 |  x |  4 |  5 |
+----+----+----+----+----+
|  6 |  x |  x |  9 | 10 |
+----+----+----+----+----+
| 11 | 12 | 13 | 14 | 15 |
+----+----+----+----+----+
| 16 | 17 | 18 | 19 | 20 |
+----+----+----+----+----+
| 21 | 22 | 23 | 24 | 25 |
+----+----+----+----+----+
You can choose
  [number on cell] to open (- $0)
  [0] to continue the game
Enter the number(s): You get a booster!!
+----+----+----+----+----+
|  1 |  2 |  x |  4 |  5 |
+----+----+----+----+----+
|  6 |  x |  x |  9 | 10 |
+----+----+----+----+----+
|  x | 12 | 13 | 14 | 15 |
+----+----+----+----+----+
| 16 | 17 | 18 | 19 | 20 |
+----+----+----+----+----+
| 21 | 22 | 23 | 24 | 25 |
+----+----+----+----+----+
You can choose
  [number on cell] to open (- $1500)
  [0] to continue the game
Enter the number(s): You get a booster!!
+----+----+----+----+----+
|  1 |  2 |  x |  4 |  5 |
+----+----+----+----+----+
|  6 |  x |  x |  9 | 10 |
+----+----+----+----+----+
|  x |  x | 13 | 14 | 15 |
+----+----+----+----+----+
| 16 | 17 | 18 | 19 | 20 |
+----+----+----+----+----+
| 21 | 22 | 23 | 24 | 25 |
+----+----+----+----+----+
You can choose
  [number on cell] to open (- $2000)
  [0] to continue the game
Enter the number(s): Do you want to continue or exit?
  [1] Continue
  [2] Exit
Enter the number(s): Speed booster: 2
Price booster: 2
Area booster: 3
Money: 100
Free choice: 0
We will miss you. Bye!
